<?xml version="1.0" encoding="UTF-8"?>
<!-- Generated by org.testng.reporters.JUnitReportReporter -->
<testsuite hostname="LAPTOP-FOPH4DRC" failures="0" tests="1" name="TestCaseDemo.Test3" time="9.796" errors="0" timestamp="2025-03-08T16:38:40 IST" skipped="0">
  <testcase classname="TestCaseDemo.Test3" name="TestMenu" time="9.796"/>
  <system-out>
    <![CDATA[Screenshot taken by name title]]>
  </system-out>
</testsuite> <!-- TestCaseDemo.Test3 -->
