<?xml version="1.0" encoding="UTF-8"?>
<!-- Generated by org.testng.reporters.JUnitReportReporter -->
<testsuite hostname="LAPTOP-FOPH4DRC" failures="0" tests="1" name="TestCaseDemo.Test1" time="5.619" errors="0" timestamp="2025-03-08T16:38:40 IST" skipped="0">
  <testcase classname="TestCaseDemo.Test1" name="TestTitle" time="5.619">
    <system-out>
      <![CDATA[Screenshot taken by name title]]>
    </system-out>
  </testcase> <!-- TestTitle -->
  <system-out>
    <![CDATA[Screenshot taken by name title]]>
  </system-out>
</testsuite> <!-- TestCaseDemo.Test1 -->
