<?xml version="1.0" encoding="UTF-8"?>
<!-- Generated by org.testng.reporters.JUnitReportReporter -->
<testsuite hostname="LAPTOP-FOPH4DRC" failures="0" tests="3" name="TestCaseDemo.Test0" time="4.161" errors="0" timestamp="2025-03-07T15:20:02 IST" skipped="0">
  <testcase classname="TestCaseDemo.Test0" name="TestMenu" time="3.417"/>
  <testcase classname="TestCaseDemo.Test0" name="TestTitle" time="0.182">
    <system-out>
      <![CDATA[Screenshot taken by name title]]>
    </system-out>
  </testcase> <!-- TestTitle -->
  <testcase classname="TestCaseDemo.Test0" name="Testloginbutton" time="0.562"/>
  <system-out>
    <![CDATA[Screenshot taken by name title]]>
  </system-out>
</testsuite> <!-- TestCaseDemo.Test0 -->
