<?xml version="1.0" encoding="UTF-8"?>
<!-- Generated by org.testng.reporters.JUnitReportReporter -->
<testsuite hostname="LAPTOP-FOPH4DRC" failures="0" tests="3" name="TestCaseDemo.TestLoginButton" time="7.705" errors="0" timestamp="2025-03-04T16:32:32 IST" skipped="0">
  <testcase classname="TestCaseDemo.TestLoginButton" name="TestMenu" time="6.421"/>
  <testcase classname="TestCaseDemo.TestLoginButton" name="TestTitle" time="0.212">
    <system-out>
      <![CDATA[Screenshot taken by name title]]>
    </system-out>
  </testcase> <!-- TestTitle -->
  <testcase classname="TestCaseDemo.TestLoginButton" name="Testloginbutton" time="1.072"/>
  <system-out>
    <![CDATA[Screenshot taken by name title]]>
  </system-out>
</testsuite> <!-- TestCaseDemo.TestLoginButton -->
