<?xml version="1.0" encoding="UTF-8"?>
<!-- Generated by org.testng.reporters.JUnitReportReporter -->
<testsuite hostname="LAPTOP-FOPH4DRC" failures="0" tests="1" name="TestCaseDemo.test2" time="7.681" errors="0" timestamp="2025-03-08T16:38:40 IST" skipped="0">
  <testcase classname="TestCaseDemo.test2" name="Testloginbutton" time="7.681"/>
  <system-out>
    <![CDATA[Screenshot taken by name title]]>
  </system-out>
</testsuite> <!-- TestCaseDemo.test2 -->
